mode: count
github.com/topfreegames/khan/api/app.go:24.27,26.2 1 0
github.com/topfreegames/khan/api/app.go:29.60,38.2 3 1
github.com/topfreegames/khan/api/app.go:41.29,46.2 4 1
github.com/topfreegames/khan/api/app.go:48.44,55.2 6 1
github.com/topfreegames/khan/api/app.go:57.37,61.50 3 1
github.com/topfreegames/khan/api/app.go:61.50,63.3 1 1
github.com/topfreegames/khan/api/app.go:66.35,77.20 8 1
github.com/topfreegames/khan/api/app.go:81.2,82.16 2 1
github.com/topfreegames/khan/api/app.go:89.2,89.13 1 1
github.com/topfreegames/khan/api/app.go:77.20,79.3 1 0
github.com/topfreegames/khan/api/app.go:82.16,88.3 2 0
github.com/topfreegames/khan/api/app.go:92.40,95.29 2 1
github.com/topfreegames/khan/api/app.go:95.29,98.3 2 0
github.com/topfreegames/khan/api/app.go:101.31,103.2 1 0
github.com/topfreegames/khan/api/app.go:113.42,114.31 1 0
github.com/topfreegames/khan/api/app.go:114.31,117.3 2 0
github.com/topfreegames/khan/api/app.go:121.25,124.2 2 0
github.com/topfreegames/khan/cmd/root.go:23.34,24.38 1 1
github.com/topfreegames/khan/cmd/root.go:24.38,27.3 2 0
github.com/topfreegames/khan/cmd/root.go:30.13,37.2 2 1
github.com/topfreegames/khan/cmd/root.go:40.19,41.19 1 0
github.com/topfreegames/khan/cmd/root.go:45.2,50.45 4 0
github.com/topfreegames/khan/cmd/root.go:41.19,43.3 1 0
github.com/topfreegames/khan/cmd/root.go:50.45,52.3 1 0
github.com/topfreegames/khan/cmd/start.go:33.47,43.3 3 0
github.com/topfreegames/khan/cmd/start.go:46.13,59.2 1 1
github.com/topfreegames/khan/handlers/healthcheck.go:6.35,11.16 4 1
github.com/topfreegames/khan/handlers/healthcheck.go:16.2,16.64 1 1
github.com/topfreegames/khan/handlers/healthcheck.go:11.16,14.3 2 0
github.com/topfreegames/khan/handlers/helpers.go:8.32,10.2 1 1
github.com/topfreegames/khan/handlers/healthcheck.go:6.35,11.16 4 1
github.com/topfreegames/khan/handlers/healthcheck.go:16.2,16.64 1 1
github.com/topfreegames/khan/handlers/healthcheck.go:11.16,14.3 2 0
github.com/topfreegames/khan/handlers/helpers.go:8.32,10.2 1 1
